<?xml version="1.0" encoding="UTF-8"?>
<testsuite name="com.dietcode.service.RecipeIngestionServiceTest" tests="4" skipped="0" failures="0" errors="0" timestamp="2026-04-23T22:13:50.087Z" hostname="mac.lan" time="0.003">
  <properties/>
  <testcase name="ingest sets name and servings to null()" classname="com.dietcode.service.RecipeIngestionServiceTest" time="0.002"/>
  <testcase name="ingest filters blank lines and trims whitespace()" classname="com.dietcode.service.RecipeIngestionServiceTest" time="0.0"/>
  <testcase name="ingest splits lines into rawIngredients()" classname="com.dietcode.service.RecipeIngestionServiceTest" time="0.0"/>
  <testcase name="ingest passes full raw text as instructions()" classname="com.dietcode.service.RecipeIngestionServiceTest" time="0.0"/>
  <system-out><![CDATA[]]></system-out>
  <system-err><![CDATA[]]></system-err>
</testsuite>
