<?xml version="1.0" encoding="UTF-8"?>
<testsuite name="com.dietcode.DietCodeApplicationTests" tests="1" skipped="0" failures="0" errors="0" timestamp="2026-06-13T19:25:58.357Z" hostname="mac.lan" time="0.346">
  <properties/>
  <testcase name="contextLoads()" classname="com.dietcode.DietCodeApplicationTests" time="0.346"/>
  <system-out><![CDATA[14:25:57.445 [Test worker] INFO org.springframework.test.context.support.AnnotationConfigContextLoaderUtils -- Could not detect default configuration classes for test class [com.dietcode.DietCodeApplicationTests]: DietCodeApplicationTests does not declare any static, non-private, non-final, nested classes annotated with @Configuration.
14:25:57.489 [Test worker] INFO org.springframework.boot.test.context.SpringBootTestContextBootstrapper -- Found @SpringBootConfiguration com.dietcode.DietCodeApplication for test class com.dietcode.DietCodeApplicationTests

  .   ____          _            __ _ _
 /\\ / ___'_ __ _ _(_)_ __  __ _ \ \ \ \
( ( )\___ | '_ | '_| | '_ \/ _` | \ \ \ \
 \\/  ___)| |_)| | | | | || (_| |  ) ) ) )
  '  |____| .__|_| |_|_| |_\__, | / / / /
 =========|_|==============|___/=/_/_/_/

 :: Spring Boot ::                (v3.5.0)

2026-06-13T14:25:57.646-05:00  INFO 19785 --- [    Test worker] com.dietcode.DietCodeApplicationTests    : Starting DietCodeApplicationTests using Java 17.0.18 with PID 19785 (started by mariabodoh in /Users/mariabodoh/repos/DietCode/backend)
2026-06-13T14:25:57.647-05:00  INFO 19785 --- [    Test worker] com.dietcode.DietCodeApplicationTests    : No active profile set, falling back to 1 default profile: "default"
2026-06-13T14:25:58.353-05:00  INFO 19785 --- [    Test worker] com.dietcode.DietCodeApplicationTests    : Started DietCodeApplicationTests in 0.809 seconds (process running for 1.264)
]]></system-out>
  <system-err><![CDATA[]]></system-err>
</testsuite>
