<?xml version="1.0" encoding="UTF-8"?>
<testsuite name="com.dietcode.DietCodeApplicationTests" tests="1" skipped="0" failures="0" errors="0" timestamp="2026-07-07T00:35:09.308Z" hostname="mac.lan" time="0.31">
  <properties/>
  <testcase name="contextLoads()" classname="com.dietcode.DietCodeApplicationTests" time="0.31"/>
  <system-out><![CDATA[19:35:08.402 [Test worker] INFO org.springframework.test.context.support.AnnotationConfigContextLoaderUtils -- Could not detect default configuration classes for test class [com.dietcode.DietCodeApplicationTests]: DietCodeApplicationTests does not declare any static, non-private, non-final, nested classes annotated with @Configuration.
19:35:08.443 [Test worker] INFO org.springframework.boot.test.context.SpringBootTestContextBootstrapper -- Found @SpringBootConfiguration com.dietcode.DietCodeApplication for test class com.dietcode.DietCodeApplicationTests

  .   ____          _            __ _ _
 /\\ / ___'_ __ _ _(_)_ __  __ _ \ \ \ \
( ( )\___ | '_ | '_| | '_ \/ _` | \ \ \ \
 \\/  ___)| |_)| | | | | || (_| |  ) ) ) )
  '  |____| .__|_| |_|_| |_\__, | / / / /
 =========|_|==============|___/=/_/_/_/

 :: Spring Boot ::                (v3.5.0)

2026-07-06T19:35:08.613-05:00  INFO 24036 --- [    Test worker] com.dietcode.DietCodeApplicationTests    : Starting DietCodeApplicationTests using Java 17.0.18 with PID 24036 (started by mariabodoh in /Users/mariabodoh/repos/DietCode/backend)
2026-07-06T19:35:08.615-05:00  INFO 24036 --- [    Test worker] com.dietcode.DietCodeApplicationTests    : No active profile set, falling back to 1 default profile: "default"
2026-07-06T19:35:09.303-05:00  INFO 24036 --- [    Test worker] com.dietcode.DietCodeApplicationTests    : Started DietCodeApplicationTests in 0.804 seconds (process running for 1.212)
]]></system-out>
  <system-err><![CDATA[]]></system-err>
</testsuite>
