<?xml version="1.0" encoding="UTF-8"?>
<testsuite name="com.dietcode.service.TransformationServiceTest" tests="3" skipped="0" failures="0" errors="0" timestamp="2026-07-05T00:27:48.493Z" hostname="mac.lan" time="0.196">
  <properties/>
  <testcase name="empty dietProfiles renders as none in prompt()" classname="com.dietcode.service.TransformationServiceTest" time="0.193"/>
  <testcase name="DietProfile names are lowercased and underscores replaced with hyphens()" classname="com.dietcode.service.TransformationServiceTest" time="0.001"/>
  <testcase name="empty intolerances renders as none in prompt()" classname="com.dietcode.service.TransformationServiceTest" time="0.001"/>
  <system-out><![CDATA[]]></system-out>
  <system-err><![CDATA[]]></system-err>
</testsuite>
